This is pdfTeX, Version 3.141592653-2.6-1.40.27 (TeX Live 2025/pkgsrc) (preloaded format=pdflatex 2025.6.13)  19 AUG 2025 09:24
entering extended mode
 restricted \write18 enabled.
 file:line:error style messages enabled.
 %&-line parsing enabled.
**/home/stevecos/data/SimOFs.tex
(/home/stevecos/data/SimOFs.tex
LaTeX2e <2024-11-01> patch level 2
L3 programming layer <2025-04-14>
(/usr/pkg/share/texmf-dist/tex/latex/base/article.cls
Document Class: article 2024/06/29 v1.4n Standard LaTeX document class
(/usr/pkg/share/texmf-dist/tex/latex/base/size10.clo
File: size10.clo 2024/06/29 v1.4n Standard LaTeX file (size option)
)
\c@part=\count272
\c@section=\count273
\c@subsection=\count274
\c@subsubsection=\count275
\c@paragraph=\count276
\c@subparagraph=\count277
\c@figure=\count278
\c@table=\count279
\abovecaptionskip=\skip49
\belowcaptionskip=\skip50
\bibindent=\dimen146
) (/usr/pkg/share/texmf-dist/tex/latex/geometry/geometry.sty
Package: geometry 2020/01/02 v5.9 Page Geometry
 (/usr/pkg/share/texmf-dist/tex/latex/graphics/keyval.sty
Package: keyval 2022/05/29 v1.15 key=value parser (DPC)
\KV@toks@=\toks17
) (/usr/pkg/share/texmf-dist/tex/generic/iftex/ifvtex.sty
Package: ifvtex 2019/10/25 v1.7 ifvtex legacy package. Use iftex instead.
 (/usr/pkg/share/texmf-dist/tex/generic/iftex/iftex.sty
Package: iftex 2024/12/12 v1.0g TeX engine tests
))
\Gm@cnth=\count280
\Gm@cntv=\count281
\c@Gm@tempcnt=\count282
\Gm@bindingoffset=\dimen147
\Gm@wd@mp=\dimen148
\Gm@odd@mp=\dimen149
\Gm@even@mp=\dimen150
\Gm@layoutwidth=\dimen151
\Gm@layoutheight=\dimen152
\Gm@layouthoffset=\dimen153
\Gm@layoutvoffset=\dimen154
\Gm@dimlist=\toks18
) (/usr/pkg/share/texmf-dist/tex/latex/fontspec/fontspec.sty (/usr/pkg/share/texmf-dist/tex/latex/l3packages/xparse/xparse.sty (/usr/pkg/share/texmf-dist/tex/latex/l3kernel/expl3.sty
Package: expl3 2025-04-14 L3 programming layer (loader) 
 (/usr/pkg/share/texmf-dist/tex/latex/l3backend/l3backend-pdftex.def
File: l3backend-pdftex.def 2025-04-14 L3 backend support: PDF output (pdfTeX)
\l__color_backend_stack_int=\count283
))
Package: xparse 2024-08-16 L3 Experimental document command parser
)
Package: fontspec 2024/05/11 v2.9e Font selection for XeLaTeX and LuaLaTeX


/usr/pkg/share/texmf-dist/tex/latex/fontspec/fontspec.sty:101: Fatal Package fontspec Error: The fontspec package requires either XeTeX or
(fontspec)                      LuaTeX.
(fontspec)                      
(fontspec)                      You must change your typesetting engine to,
(fontspec)                      e.g., "xelatex" or "lualatex" instead of
(fontspec)                      "latex" or "pdflatex".

Type <return> to continue.
 ...                                              
                                                  
l.101 \msg_fatal:nn {fontspec} {cannot-use-pdftex}
                                                  

LaTeX does not know anything more about this error, sorry.

Try typing <return> to proceed.
If that doesn't work, type X <return> to quit.

This is a fatal error: LaTeX will abort.



/usr/pkg/share/texmf-dist/tex/latex/fontspec/fontspec.sty:101: Emergency stop.
<read *> 
         
l.101 \msg_fatal:nn {fontspec} {cannot-use-pdftex}
                                                  
*** (cannot \read from terminal in nonstop modes)

 
Here is how much of TeX's memory you used:
 1147 strings out of 470188
 20568 string characters out of 5492986
 424183 words of memory out of 5000000
 27940 multiletter control sequences out of 15000+600000
 626825 words of font info for 40 fonts, out of 8000000 for 9000
 912 hyphenation exceptions out of 8191
 73i,0n,77p,280b,42s stack positions out of 10000i,1000n,20000p,200000b,200000s
/usr/pkg/share/texmf-dist/tex/latex/fontspec/fontspec.sty:101:  ==> Fatal error occurred, no output PDF file produced!
