This is LuaTeX, Version 1.21.0 (Web2C 2025)  (format=lualatex 2025.6.13)  21 SEP 2025 21:11
 restricted system commands enabled.
**/home/stevecos/data/SimSummary.tex
(/home/stevecos/data/SimSummary.tex
LaTeX2e <2024-11-01> patch level 2
L3 programming layer <2025-04-14>
Lua module: luaotfload 2024-12-03 v3.29 Lua based OpenType font support
Lua module: lualibs 2023-07-13 v2.76 ConTeXt Lua standard libraries.
Lua module: lualibs-extended 2023-07-13 v2.76 ConTeXt Lua libraries -- extended 
collection.
luaotfload | conf : Root cache directory is "/home/stevecos/.texlive2025/texmf-v
ar/luatex-cache/generic/names".
luaotfload | init : Loading fontloader "fontloader-2023-12-28.lua" from kpse-res
olved path "/usr/pkg/share/texmf-dist/tex/luatex/luaotfload/fontloader-2023-12-2
8.lua".
Lua-only attribute luaotfload@noligature = 1
luaotfload | init : Context OpenType loader version 3.134
Inserting `luaotfload.node_processor' in `pre_linebreak_filter'.
Inserting `luaotfload.node_processor' in `hpack_filter'.
Inserting `luaotfload.glyph_stream' in `glyph_stream_provider'.
Inserting `luaotfload.define_font' in `define_font'.
Lua-only attribute luaotfload_color_attribute = 2
luaotfload | conf : Root cache directory is "/home/stevecos/.texlive2025/texmf-v
ar/luatex-cache/generic/names".
Lua-only attribute luaotfload.letterspace_done = 3
Inserting `luaotfload.aux.set_sscale_dimens' in `luaotfload.patch_font'.
Inserting `luaotfload.aux.set_font_index' in `luaotfload.patch_font'.
Inserting `luaotfload.aux.patch_cambria_domh' in `luaotfload.patch_font'.
Inserting `luaotfload.aux.fixup_fontdata' in `luaotfload.patch_font_unsafe'.
Inserting `luaotfload.aux.set_capheight' in `luaotfload.patch_font'.
Inserting `luaotfload.aux.set_xheight' in `luaotfload.patch_font'.
Inserting `luaotfload.rewrite_fontname' in `luaotfload.patch_font'.
Inserting `tracingstacklevels' in `input_level_string'. (/usr/pkg/share/texmf-d
ist/tex/latex/base/article.cls
Document Class: article 2024/06/29 v1.4n Standard LaTeX document class
(/usr/pkg/share/texmf-dist/tex/latex/base/size10.clo
File: size10.clo 2024/06/29 v1.4n Standard LaTeX file (size option)
luaotfload | db : Font names database loaded from /home/stevecos/.texlive2025/te
xmf-var/luatex-cache/generic/names/luaotfload-names.luc.gz)
\c@part=\count270
\c@section=\count271
\c@subsection=\count272
\c@subsubsection=\count273
\c@paragraph=\count274
\c@subparagraph=\count275
\c@figure=\count276
\c@table=\count277
\abovecaptionskip=\skip49
\belowcaptionskip=\skip50
\bibindent=\dimen145
)
(/usr/pkg/share/texmf-dist/tex/latex/geometry/geometry.sty
Package: geometry 2020/01/02 v5.9 Page Geometry

(/usr/pkg/share/texmf-dist/tex/latex/graphics/keyval.sty
Package: keyval 2022/05/29 v1.15 key=value parser (DPC)
\KV@toks@=\toks17
)
(/usr/pkg/share/texmf-dist/tex/generic/iftex/ifvtex.sty
Package: ifvtex 2019/10/25 v1.7 ifvtex legacy package. Use iftex instead.

(/usr/pkg/share/texmf-dist/tex/generic/iftex/iftex.sty
Package: iftex 2024/12/12 v1.0g TeX engine tests
))
\Gm@cnth=\count278
\Gm@cntv=\count279
\c@Gm@tempcnt=\count280
\Gm@bindingoffset=\dimen146
\Gm@wd@mp=\dimen147
\Gm@odd@mp=\dimen148
\Gm@even@mp=\dimen149
\Gm@layoutwidth=\dimen150
\Gm@layoutheight=\dimen151
\Gm@layouthoffset=\dimen152
\Gm@layoutvoffset=\dimen153
\Gm@dimlist=\toks18
)
(/usr/pkg/share/texmf-dist/tex/latex/fontspec/fontspec.sty
(/usr/pkg/share/texmf-dist/tex/latex/l3packages/xparse/xparse.sty
(/usr/pkg/share/texmf-dist/tex/latex/l3kernel/expl3.sty
Package: expl3 2025-04-14 L3 programming layer (loader) 

(/usr/pkg/share/texmf-dist/tex/latex/l3backend/l3backend-luatex.def
File: l3backend-luatex.def 2025-04-14 L3 backend support: PDF output (LuaTeX)
\l__color_backend_stack_int=\count281
Inserting `l3color' in `luaotfload.parse_color'.))
Package: xparse 2024-08-16 L3 Experimental document command parser
)
Package: fontspec 2024/05/11 v2.9e Font selection for XeLaTeX and LuaLaTeX
Lua module: fontspec 2024/05/11 v2.9e Font selection for XeLaTeX and LuaLaTeX
(/usr/pkg/share/texmf-dist/tex/latex/fontspec/fontspec-luatex.sty
Package: fontspec-luatex 2024/05/11 v2.9e Font selection for XeLaTeX and LuaLaT
eX
\l__fontspec_script_int=\count282
\l__fontspec_language_int=\count283
\l__fontspec_strnum_int=\count284
\l__fontspec_tmp_int=\count285
\l__fontspec_tmpa_int=\count286
\l__fontspec_tmpb_int=\count287
\l__fontspec_tmpc_int=\count288
\l__fontspec_em_int=\count289
\l__fontspec_emdef_int=\count290
\l__fontspec_strong_int=\count291
\l__fontspec_strongdef_int=\count292
\l__fontspec_tmpa_dim=\dimen154
\l__fontspec_tmpb_dim=\dimen155
\l__fontspec_tmpc_dim=\dimen156

(/usr/pkg/share/texmf-dist/tex/latex/base/fontenc.sty
Package: fontenc 2021/04/29 v2.0v Standard LaTeX package
)
(/usr/pkg/share/texmf-dist/tex/latex/fontspec/fontspec.cfg)))
luaotfload | cache : Lookup cache loaded from /home/stevecos/.texlive2025/texmf-
var/luatex-cache/generic/names/luaotfload-lookup-cache.luc.

Package fontspec Info: 
(fontspec)             Font family 'LatinModernRoman(0)' created for font
(fontspec)             'Latin Modern Roman' with options [Ligatures=TeX].
(fontspec)              
(fontspec)              This font family consists of the following NFSS
(fontspec)             series/shapes:
(fontspec)              
(fontspec)             - 'normal' (m/n) with NFSS spec.: <->"name:Latin Modern
(fontspec)             Roman:mode=node;script=latn;language=dflt;+tlig;"
(fontspec)             - 'bold' (b/n) with NFSS spec.: <->"name:Latin Modern
(fontspec)             Roman/B:mode=node;script=latn;language=dflt;+tlig;"
(fontspec)             - 'italic' (m/it) with NFSS spec.: <->"name:Latin
(fontspec)             Modern
(fontspec)             Roman/I:mode=node;script=latn;language=dflt;+tlig;"
(fontspec)             - 'bold italic' (b/it) with NFSS spec.: <->"name:Latin
(fontspec)             Modern
(fontspec)             Roman/BI:mode=node;script=latn;language=dflt;+tlig;"


Package fontspec Info: 
(fontspec)             Font family 'DejaVuSansMono(0)' created for font
(fontspec)             'DejaVu Sans Mono' with options
(fontspec)             [WordSpace={1,0,0},HyphenChar=None,PunctuationSpace=Word
Space].
(fontspec)              
(fontspec)              This font family consists of the following NFSS
(fontspec)             series/shapes:
(fontspec)              
(fontspec)             - 'normal' (m/n) with NFSS spec.: <->"name:DejaVu Sans
(fontspec)             Mono:mode=node;script=latn;language=dflt;"
(fontspec)             - 'bold' (b/n) with NFSS spec.: <->"name:DejaVu Sans
(fontspec)             Mono/B:mode=node;script=latn;language=dflt;"
(fontspec)             - 'italic' (m/it) with NFSS spec.: <->"name:DejaVu Sans
(fontspec)             Mono/I:mode=node;script=latn;language=dflt;"
(fontspec)             - 'bold italic' (b/it) with NFSS spec.: <->"name:DejaVu
(fontspec)             Sans Mono/BI:mode=node;script=latn;language=dflt;"


(/usr/pkg/share/texmf-dist/tex/latex/graphics/graphicx.sty
Package: graphicx 2021/09/16 v1.2d Enhanced LaTeX Graphics (DPC,SPQR)

(/usr/pkg/share/texmf-dist/tex/latex/graphics/graphics.sty
Package: graphics 2024/08/06 v1.4g Standard LaTeX Graphics (DPC,SPQR)

(/usr/pkg/share/texmf-dist/tex/latex/graphics/trig.sty
Package: trig 2023/12/02 v1.11 sin cos tan (DPC)
)
(/usr/pkg/share/texmf-dist/tex/latex/graphics-cfg/graphics.cfg
File: graphics.cfg 2016/06/04 v1.11 sample graphics configuration
)
Package graphics Info: Driver file: luatex.def on input line 106.

(/usr/pkg/share/texmf-dist/tex/latex/graphics-def/luatex.def
File: luatex.def 2024/04/13 v1.2e Graphics/color driver for luatex
))
\Gin@req@height=\dimen157
\Gin@req@width=\dimen158
)
(/usr/pkg/share/texmf-dist/tex/latex/xcolor/xcolor.sty
Package: xcolor 2024/09/29 v3.02 LaTeX color extensions (UK)

(/usr/pkg/share/texmf-dist/tex/latex/graphics-cfg/color.cfg
File: color.cfg 2016/01/02 v1.6 sample color configuration
)
Package xcolor Info: Driver file: luatex.def on input line 274.

(/usr/pkg/share/texmf-dist/tex/latex/graphics/mathcolor.ltx)
Package xcolor Info: Model `cmy' substituted by `cmy0' on input line 1349.
Package xcolor Info: Model `hsb' substituted by `rgb' on input line 1353.
Package xcolor Info: Model `RGB' extended on input line 1365.
Package xcolor Info: Model `HTML' substituted by `rgb' on input line 1367.
Package xcolor Info: Model `Hsb' substituted by `hsb' on input line 1368.
Package xcolor Info: Model `tHsb' substituted by `hsb' on input line 1369.
Package xcolor Info: Model `HSB' substituted by `hsb' on input line 1370.
Package xcolor Info: Model `Gray' substituted by `gray' on input line 1371.
Package xcolor Info: Model `wave' substituted by `hsb' on input line 1372.
)
(/usr/pkg/share/texmf-dist/tex/latex/listings/listings.sty
\lst@mode=\count293
\lst@gtempboxa=\box53
\lst@token=\toks19
\lst@length=\count294
\lst@currlwidth=\dimen159
\lst@column=\count295
\lst@pos=\count296
\lst@lostspace=\dimen160
\lst@width=\dimen161
\lst@newlines=\count297
\lst@lineno=\count298
\lst@maxwidth=\dimen162

(/usr/pkg/share/texmf-dist/tex/latex/listings/lstpatch.sty
File: lstpatch.sty 2024/09/23 1.10c (Carsten Heinz)
)
(/usr/pkg/share/texmf-dist/tex/latex/listings/lstmisc.sty
File: lstmisc.sty 2024/09/23 1.10c (Carsten Heinz)
\c@lstnumber=\count299
\lst@skipnumbers=\count300
\lst@framebox=\box54
)
(/usr/pkg/share/texmf-dist/tex/latex/listings/listings.cfg
File: listings.cfg 2024/09/23 1.10c listings configuration
))
Package: listings 2024/09/23 1.10c (Carsten Heinz)

(/usr/pkg/share/texmf-dist/tex/latex/hyperref/hyperref.sty
Package: hyperref 2024-11-05 v7.01l Hypertext links for LaTeX

(/usr/pkg/share/texmf-dist/tex/latex/kvsetkeys/kvsetkeys.sty
Package: kvsetkeys 2022-10-05 v1.19 Key value parser (HO)
)
(/usr/pkg/share/texmf-dist/tex/generic/kvdefinekeys/kvdefinekeys.sty
Package: kvdefinekeys 2019-12-19 v1.6 Define keys (HO)
)
(/usr/pkg/share/texmf-dist/tex/generic/pdfescape/pdfescape.sty
Package: pdfescape 2019/12/09 v1.15 Implements pdfTeX's escape features (HO)

(/usr/pkg/share/texmf-dist/tex/generic/ltxcmds/ltxcmds.sty
Package: ltxcmds 2023-12-04 v1.26 LaTeX kernel commands for general use (HO)
)
(/usr/pkg/share/texmf-dist/tex/generic/pdftexcmds/pdftexcmds.sty
Package: pdftexcmds 2020-06-27 v0.33 Utility functions of pdfTeX for LuaTeX (HO
)

(/usr/pkg/share/texmf-dist/tex/generic/infwarerr/infwarerr.sty
Package: infwarerr 2019/12/03 v1.5 Providing info/warning/error messages (HO)
)
Package pdftexcmds Info: \pdf@primitive is available.
Package pdftexcmds Info: \pdf@ifprimitive is available.
Package pdftexcmds Info: \pdfdraftmode found.
\pdftexcmds@toks=\toks20
))
(/usr/pkg/share/texmf-dist/tex/latex/hycolor/hycolor.sty
Package: hycolor 2020-01-27 v1.10 Color options for hyperref/bookmark (HO)
)
(/usr/pkg/share/texmf-dist/tex/latex/hyperref/nameref.sty
Package: nameref 2023-11-26 v2.56 Cross-referencing by name of section

(/usr/pkg/share/texmf-dist/tex/latex/refcount/refcount.sty
Package: refcount 2019/12/15 v3.6 Data extraction from label references (HO)
)
(/usr/pkg/share/texmf-dist/tex/generic/gettitlestring/gettitlestring.sty
Package: gettitlestring 2019/12/15 v1.6 Cleanup title references (HO)

(/usr/pkg/share/texmf-dist/tex/latex/kvoptions/kvoptions.sty
Package: kvoptions 2022-06-15 v3.15 Key value format for package options (HO)
))
\c@section@level=\count301
)
(/usr/pkg/share/texmf-dist/tex/latex/etoolbox/etoolbox.sty
Package: etoolbox 2025/02/11 v2.5l e-TeX tools for LaTeX (JAW)
\etb@tempcnta=\count302
)
(/usr/pkg/share/texmf-dist/tex/generic/stringenc/stringenc.sty
Package: stringenc 2019/11/29 v1.12 Convert strings between diff. encodings (HO
)
)
\@linkdim=\dimen163
\Hy@linkcounter=\count303
\Hy@pagecounter=\count304

(/usr/pkg/share/texmf-dist/tex/latex/hyperref/pd1enc.def
File: pd1enc.def 2024-11-05 v7.01l Hyperref: PDFDocEncoding definition (HO)
)
(/usr/pkg/share/texmf-dist/tex/generic/intcalc/intcalc.sty
Package: intcalc 2019/12/15 v1.3 Expandable calculations with integers (HO)
)
\Hy@SavedSpaceFactor=\count305

(/usr/pkg/share/texmf-dist/tex/latex/hyperref/puenc.def
File: puenc.def 2024-11-05 v7.01l Hyperref: PDF Unicode definition (HO)
)
Package hyperref Info: Hyper figures OFF on input line 4157.
Package hyperref Info: Link nesting OFF on input line 4162.
Package hyperref Info: Hyper index ON on input line 4165.
Package hyperref Info: Plain pages OFF on input line 4172.
Package hyperref Info: Backreferencing OFF on input line 4177.
Package hyperref Info: Implicit mode ON; LaTeX internals redefined.
Package hyperref Info: Bookmarks ON on input line 4424.
\c@Hy@tempcnt=\count306

(/usr/pkg/share/texmf-dist/tex/latex/url/url.sty
\Urlmuskip=\muskip17
Package: url 2013/09/16  ver 3.4  Verb mode for urls, etc.
)
LaTeX Info: Redefining \url on input line 4763.
\XeTeXLinkMargin=\dimen164

(/usr/pkg/share/texmf-dist/tex/generic/bitset/bitset.sty
Package: bitset 2019/12/09 v1.3 Handle bit-vector datatype (HO)

(/usr/pkg/share/texmf-dist/tex/generic/bigintcalc/bigintcalc.sty
Package: bigintcalc 2019/12/15 v1.5 Expandable calculations on big integers (HO
)
))
\Fld@menulength=\count307
\Field@Width=\dimen165
\Fld@charsize=\dimen166
Package hyperref Info: Hyper figures OFF on input line 6042.
Package hyperref Info: Link nesting OFF on input line 6047.
Package hyperref Info: Hyper index ON on input line 6050.
Package hyperref Info: backreferencing OFF on input line 6057.
Package hyperref Info: Link coloring OFF on input line 6062.
Package hyperref Info: Link coloring with OCG OFF on input line 6067.
Package hyperref Info: PDF/A mode OFF on input line 6072.

(/usr/pkg/share/texmf-dist/tex/latex/base/atbegshi-ltx.sty
Package: atbegshi-ltx 2021/01/10 v1.0c Emulation of the original atbegshi
package with kernel methods
)
\Hy@abspage=\count308
\c@Item=\count309
\c@Hfootnote=\count310
)
Package hyperref Info: Driver (autodetected): hluatex.

(/usr/pkg/share/texmf-dist/tex/latex/hyperref/hluatex.def
File: hluatex.def 2024-11-05 v7.01l Hyperref driver for luaTeX

(/usr/pkg/share/texmf-dist/tex/latex/base/atveryend-ltx.sty
Package: atveryend-ltx 2020/08/19 v1.0a Emulation of the original atveryend pac
kage
with kernel methods
)
\Fld@listcount=\count311
\c@bookmark@seq@number=\count312

(/usr/pkg/share/texmf-dist/tex/latex/rerunfilecheck/rerunfilecheck.sty
Package: rerunfilecheck 2022-07-10 v1.10 Rerun checks for auxiliary files (HO)

(/usr/pkg/share/texmf-dist/tex/generic/uniquecounter/uniquecounter.sty
Package: uniquecounter 2019/12/15 v1.4 Provide unlimited unique counter (HO)
)
Package uniquecounter Info: New unique counter `rerunfilecheck' on input line 2
85.
)
\Hy@SectionHShift=\skip51
)
(/usr/pkg/share/texmf-dist/tex/latex/tools/tabularx.sty
Package: tabularx 2023/12/11 v2.12a `tabularx' package (DPC)

(/usr/pkg/share/texmf-dist/tex/latex/tools/array.sty
Package: array 2024/10/17 v2.6g Tabular extension package (FMi)
\col@sep=\dimen167
\ar@mcellbox=\box55
\extrarowheight=\dimen168
\NC@list=\toks21
\extratabsurround=\skip52
\backup@length=\skip53
\ar@cellbox=\box56
)
\TX@col@width=\dimen169
\TX@old@table=\dimen170
\TX@old@col=\dimen171
\TX@target=\dimen172
\TX@delta=\dimen173
\TX@cols=\count313
\TX@ftn=\toks22
)
(/home/stevecos/data/SimSummary.aux)
\openout1 = SimSummary.aux

LaTeX Font Info:    Checking defaults for OML/cmm/m/it on input line 14.
LaTeX Font Info:    ... okay on input line 14.
LaTeX Font Info:    Checking defaults for OMS/cmsy/m/n on input line 14.
LaTeX Font Info:    ... okay on input line 14.
LaTeX Font Info:    Checking defaults for OT1/cmr/m/n on input line 14.
LaTeX Font Info:    ... okay on input line 14.
LaTeX Font Info:    Checking defaults for T1/cmr/m/n on input line 14.
LaTeX Font Info:    ... okay on input line 14.
LaTeX Font Info:    Checking defaults for TS1/cmr/m/n on input line 14.
LaTeX Font Info:    ... okay on input line 14.
LaTeX Font Info:    Checking defaults for TU/lmr/m/n on input line 14.
LaTeX Font Info:    ... okay on input line 14.
LaTeX Font Info:    Checking defaults for OMX/cmex/m/n on input line 14.
LaTeX Font Info:    ... okay on input line 14.
LaTeX Font Info:    Checking defaults for U/cmr/m/n on input line 14.
LaTeX Font Info:    ... okay on input line 14.
LaTeX Font Info:    Checking defaults for PD1/pdf/m/n on input line 14.
LaTeX Font Info:    ... okay on input line 14.
LaTeX Font Info:    Checking defaults for PU/pdf/m/n on input line 14.
LaTeX Font Info:    ... okay on input line 14.

*geometry* driver: auto-detecting
*geometry* detected driver: luatex
*geometry* verbose mode - [ preamble ] result:
* driver: luatex
* paper: a4paper
* layout: <same size as paper>
* layoutoffset:(h,v)=(0.0pt,0.0pt)
* modes: landscape 
* h-part:(L,W,R)=(42.67912pt, 759.6886pt, 42.67912pt)
* v-part:(T,H,B)=(56.9055pt, 483.69687pt, 56.9055pt)
* \paperwidth=845.04684pt
* \paperheight=597.50787pt
* \textwidth=759.6886pt
* \textheight=483.69687pt
* \oddsidemargin=-29.59087pt
* \evensidemargin=-29.59087pt
* \topmargin=-52.36449pt
* \headheight=12.0pt
* \headsep=25.0pt
* \topskip=10.0pt
* \footskip=30.0pt
* \marginparwidth=144.0pt
* \marginparsep=11.0pt
* \columnsep=10.0pt
* \skip\footins=9.0pt plus 4.0pt minus 2.0pt
* \hoffset=0.0pt
* \voffset=0.0pt
* \mag=1000
* \@twocolumnfalse
* \@twosidefalse
* \@mparswitchfalse
* \@reversemarginfalse
* (1in=72.27pt=25.4mm, 1cm=28.453pt)


Package fontspec Info: 
(fontspec)             Adjusting the maths setup (use [no-math] to avoid
(fontspec)             this).

\symlegacymaths=\mathgroup4
LaTeX Font Info:    Overwriting symbol font `legacymaths' in version `bold'
(Font)                  OT1/cmr/m/n --> OT1/cmr/bx/n on input line 14.
LaTeX Font Info:    Redeclaring math accent \acute on input line 14.
LaTeX Font Info:    Redeclaring math accent \grave on input line 14.
LaTeX Font Info:    Redeclaring math accent \ddot on input line 14.
LaTeX Font Info:    Redeclaring math accent \tilde on input line 14.
LaTeX Font Info:    Redeclaring math accent \bar on input line 14.
LaTeX Font Info:    Redeclaring math accent \breve on input line 14.
LaTeX Font Info:    Redeclaring math accent \check on input line 14.
LaTeX Font Info:    Redeclaring math accent \hat on input line 14.
LaTeX Font Info:    Redeclaring math accent \dot on input line 14.
LaTeX Font Info:    Redeclaring math accent \mathring on input line 14.
LaTeX Font Info:    Redeclaring math symbol \colon on input line 14.
LaTeX Font Info:    Redeclaring math symbol \Gamma on input line 14.
LaTeX Font Info:    Redeclaring math symbol \Delta on input line 14.
LaTeX Font Info:    Redeclaring math symbol \Theta on input line 14.
LaTeX Font Info:    Redeclaring math symbol \Lambda on input line 14.
LaTeX Font Info:    Redeclaring math symbol \Xi on input line 14.
LaTeX Font Info:    Redeclaring math symbol \Pi on input line 14.
LaTeX Font Info:    Redeclaring math symbol \Sigma on input line 14.
LaTeX Font Info:    Redeclaring math symbol \Upsilon on input line 14.
LaTeX Font Info:    Redeclaring math symbol \Phi on input line 14.
LaTeX Font Info:    Redeclaring math symbol \Psi on input line 14.
LaTeX Font Info:    Redeclaring math symbol \Omega on input line 14.
LaTeX Font Info:    Redeclaring math symbol \mathdollar on input line 14.
LaTeX Font Info:    Redeclaring symbol font `operators' on input line 14.
LaTeX Font Info:    Encoding `OT1' has changed to `TU' for symbol font
(Font)              `operators' in the math version `normal' on input line 14.
LaTeX Font Info:    Overwriting symbol font `operators' in version `normal'
(Font)                  OT1/cmr/m/n --> TU/LatinModernRoman(0)/m/n on input lin
e 14.
LaTeX Font Info:    Encoding `OT1' has changed to `TU' for symbol font
(Font)              `operators' in the math version `bold' on input line 14.
LaTeX Font Info:    Overwriting symbol font `operators' in version `bold'
(Font)                  OT1/cmr/bx/n --> TU/LatinModernRoman(0)/m/n on input li
ne 14.
LaTeX Font Info:    Overwriting symbol font `operators' in version `normal'
(Font)                  TU/LatinModernRoman(0)/m/n --> TU/LatinModernRoman(0)/m
/n on input line 14.
LaTeX Font Info:    Overwriting math alphabet `\mathit' in version `normal'
(Font)                  OT1/cmr/m/it --> TU/LatinModernRoman(0)/m/it on input l
ine 14.
LaTeX Font Info:    Overwriting math alphabet `\mathbf' in version `normal'
(Font)                  OT1/cmr/bx/n --> TU/LatinModernRoman(0)/b/n on input li
ne 14.
LaTeX Font Info:    Overwriting math alphabet `\mathsf' in version `normal'
(Font)                  OT1/cmss/m/n --> TU/lmss/m/n on input line 14.
LaTeX Font Info:    Overwriting math alphabet `\mathtt' in version `normal'
(Font)                  OT1/cmtt/m/n --> TU/DejaVuSansMono(0)/m/n on input line
 14.
LaTeX Font Info:    Overwriting symbol font `operators' in version `bold'
(Font)                  TU/LatinModernRoman(0)/m/n --> TU/LatinModernRoman(0)/b
/n on input line 14.
LaTeX Font Info:    Overwriting math alphabet `\mathit' in version `bold'
(Font)                  OT1/cmr/bx/it --> TU/LatinModernRoman(0)/b/it on input 
line 14.
LaTeX Font Info:    Overwriting math alphabet `\mathsf' in version `bold'
(Font)                  OT1/cmss/bx/n --> TU/lmss/b/n on input line 14.
LaTeX Font Info:    Overwriting math alphabet `\mathtt' in version `bold'
(Font)                  OT1/cmtt/m/n --> TU/DejaVuSansMono(0)/b/n on input line
 14.
(/usr/pkg/share/texmf-dist/tex/context/base/mkii/supp-pdf.mkii
[Loading MPS to PDF converter (version 2006.09.02).]
\scratchcounter=\count314
\scratchdimen=\dimen174
\scratchbox=\box57
\nofMPsegments=\count315
\nofMParguments=\count316
\everyMPshowfont=\toks23
\MPscratchCnt=\count317
\MPscratchDim=\dimen175
\MPnumerator=\count318
\makeMPintoPDFobject=\count319
\everyMPtoPDFconversion=\toks24
) (/usr/pkg/share/texmf-dist/tex/latex/epstopdf-pkg/epstopdf-base.sty
Package: epstopdf-base 2020-01-24 v2.11 Base part for package epstopdf
Package epstopdf-base Info: Redefining graphics rule for `.eps' on input line 4
85.

(/usr/pkg/share/texmf-dist/tex/latex/latexconfig/epstopdf-sys.cfg
File: epstopdf-sys.cfg 2010/07/13 v1.3 Configuration of (r)epstopdf for TeX Liv
e
))
\c@lstlisting=\count320
Package hyperref Info: Link coloring OFF on input line 14.

(/home/stevecos/data/SimSummary.out) (/home/stevecos/data/SimSummary.out)
\@outlinefile=\write3

\openout3 = SimSummary.out
LaTeX Font Info:    External font `cmex10' loaded for size
(Font)              <12> on input line 37.
LaTeX Font Info:    External font `cmex10' loaded for size
(Font)              <8> on input line 37.
LaTeX Font Info:    External font `cmex10' loaded for size
(Font)              <6> on input line 37.
File: /home/stevecos/data/graph_20250820122146.pdf Graphic file (type pdf)
<use /home/stevecos/data/graph_20250820122146.pdf, page 1>
Package luatex.def Info: /home/stevecos/data/graph_20250820122146.pdf , page1 u
sed on input line 66.
(luatex.def)             Requested size: 175.57742pt x 24.46867pt.
File: /home/stevecos/data/graph_20250820122146.pdf Graphic file (type pdf)
<use /home/stevecos/data/graph_20250820122146.pdf, page 2>
Package luatex.def Info: /home/stevecos/data/graph_20250820122146.pdf , page2 u
sed on input line 66.
(luatex.def)             Requested size: 175.57512pt x 40.96461pt.
File: /home/stevecos/data/graph_20250820122146.pdf Graphic file (type pdf)
<use /home/stevecos/data/graph_20250820122146.pdf, page 1>
Package luatex.def Info: /home/stevecos/data/graph_20250820122146.pdf , page1 u
sed on input line 96.
(luatex.def)             Requested size: 175.57742pt x 24.46867pt.
File: /home/stevecos/data/graph_20250820122146.pdf Graphic file (type pdf)
<use /home/stevecos/data/graph_20250820122146.pdf, page 2>
Package luatex.def Info: /home/stevecos/data/graph_20250820122146.pdf , page2 u
sed on input line 96.
(luatex.def)             Requested size: 175.57512pt x 40.96461pt.
File: /home/stevecos/data/graph_20250820122146.pdf Graphic file (type pdf)
<use /home/stevecos/data/graph_20250820122146.pdf, page 1>
Package luatex.def Info: /home/stevecos/data/graph_20250820122146.pdf , page1 u
sed on input line 126.
(luatex.def)             Requested size: 175.57742pt x 24.46867pt.
File: /home/stevecos/data/graph_20250820122146.pdf Graphic file (type pdf)
<use /home/stevecos/data/graph_20250820122146.pdf, page 2>
Package luatex.def Info: /home/stevecos/data/graph_20250820122146.pdf , page2 u
sed on input line 126.
(luatex.def)             Requested size: 175.57512pt x 40.96461pt.


[1

{/var/lib/texmf/fonts/map/pdftex/updmap/pdftex.map}</home/stevecos/data/graph_20
250820122146.pdf></home/stevecos/data/graph_20250820122146.pdf>]
File: /home/stevecos/data/graph_20250820163815.pdf Graphic file (type pdf)
<use /home/stevecos/data/graph_20250820163815.pdf, page 1>
Package luatex.def Info: /home/stevecos/data/graph_20250820163815.pdf , page1 u
sed on input line 186.
(luatex.def)             Requested size: 175.57742pt x 24.46867pt.
File: /home/stevecos/data/graph_20250820163815.pdf Graphic file (type pdf)
<use /home/stevecos/data/graph_20250820163815.pdf, page 2>
Package luatex.def Info: /home/stevecos/data/graph_20250820163815.pdf , page2 u
sed on input line 186.
(luatex.def)             Requested size: 175.57512pt x 40.96461pt.


[2</home/stevecos/data/graph_20250820163815.pdf></home/stevecos/data/graph_20250
820163815.pdf>]
<nodes_20250821140536.png, id=43, 536.75531pt x 624.83438pt>
File: nodes_20250821140536.png Graphic file (type png)
<use nodes_20250821140536.png>
Package luatex.def Info: nodes_20250821140536.png  used on input line 188.
(luatex.def)             Requested size: 219.981pt x 256.0748pt.
File: /home/stevecos/data/graph_20250821140536.pdf Graphic file (type pdf)
<use /home/stevecos/data/graph_20250821140536.pdf, page 1>
Package luatex.def Info: /home/stevecos/data/graph_20250821140536.pdf , page1 u
sed on input line 216.
(luatex.def)             Requested size: 78.27249pt x 113.81622pt.
File: /home/stevecos/data/graph_20250821140536.pdf Graphic file (type pdf)
<use /home/stevecos/data/graph_20250821140536.pdf, page 2>
Package luatex.def Info: /home/stevecos/data/graph_20250821140536.pdf , page2 u
sed on input line 216.
(luatex.def)             Requested size: 175.577pt x 31.84216pt.


[3</home/stevecos/data/nodes_20250821140536.png></home/stevecos/data/graph_20250
821140536.pdf></home/stevecos/data/graph_20250821140536.pdf>]
<nodes_20250821142638.png, id=61, 536.75531pt x 624.83438pt>
File: nodes_20250821142638.png Graphic file (type png)
<use nodes_20250821142638.png>
Package luatex.def Info: nodes_20250821142638.png  used on input line 218.
(luatex.def)             Requested size: 219.981pt x 256.0748pt.
File: /home/stevecos/data/graph_20250821142638.pdf Graphic file (type pdf)
<use /home/stevecos/data/graph_20250821142638.pdf, page 1>
Package luatex.def Info: /home/stevecos/data/graph_20250821142638.pdf , page1 u
sed on input line 249.
(luatex.def)             Requested size: 175.57565pt x 35.45546pt.
File: /home/stevecos/data/graph_20250821142638.pdf Graphic file (type pdf)
<use /home/stevecos/data/graph_20250821142638.pdf, page 2>
Package luatex.def Info: /home/stevecos/data/graph_20250821142638.pdf , page2 u
sed on input line 249.
(luatex.def)             Requested size: 144.88382pt x 113.81612pt.
File: /home/stevecos/data/graph_20250821152728.pdf Graphic file (type pdf)
<use /home/stevecos/data/graph_20250821152728.pdf, page 1>
Package luatex.def Info: /home/stevecos/data/graph_20250821152728.pdf , page1 u
sed on input line 283.
(luatex.def)             Requested size: 175.583pt x 35.44928pt.
File: /home/stevecos/data/graph_20250821152728.pdf Graphic file (type pdf)
<use /home/stevecos/data/graph_20250821152728.pdf, page 2>
Package luatex.def Info: /home/stevecos/data/graph_20250821152728.pdf , page2 u
sed on input line 283.
(luatex.def)             Requested size: 53.5723pt x 113.81622pt.


[4</home/stevecos/data/nodes_20250821142638.png></home/stevecos/data/graph_20250
821142638.pdf></home/stevecos/data/graph_20250821142638.pdf>]
File: /home/stevecos/data/graph_20250822132159.pdf Graphic file (type pdf)
<use /home/stevecos/data/graph_20250822132159.pdf, page 1>
Package luatex.def Info: /home/stevecos/data/graph_20250822132159.pdf , page1 u
sed on input line 314.
(luatex.def)             Requested size: 175.583pt x 35.44928pt.
File: /home/stevecos/data/graph_20250822132159.pdf Graphic file (type pdf)
<use /home/stevecos/data/graph_20250822132159.pdf, page 2>
Package luatex.def Info: /home/stevecos/data/graph_20250822132159.pdf , page2 u
sed on input line 314.
(luatex.def)             Requested size: 175.583pt x 35.44928pt.
File: /home/stevecos/data/graph_20250822134515.pdf Graphic file (type pdf)
<use /home/stevecos/data/graph_20250822134515.pdf, page 1>
Package luatex.def Info: /home/stevecos/data/graph_20250822134515.pdf , page1 u
sed on input line 344.
(luatex.def)             Requested size: 175.57465pt x 84.46655pt.
File: /home/stevecos/data/graph_20250822134515.pdf Graphic file (type pdf)
<use /home/stevecos/data/graph_20250822134515.pdf, page 2>
Package luatex.def Info: /home/stevecos/data/graph_20250822134515.pdf , page2 u
sed on input line 344.
(luatex.def)             Requested size: 175.57565pt x 35.45546pt.


[5</home/stevecos/data/graph_20250821152728.pdf></home/stevecos/data/graph_20250
821152728.pdf></home/stevecos/data/graph_20250822132159.pdf></home/stevecos/data
/graph_20250822132159.pdf>]

[6</home/stevecos/data/graph_20250822134515.pdf></home/stevecos/data/graph_20250
822134515.pdf>]
File: /home/stevecos/data/graph_20250828140322.pdf Graphic file (type pdf)
<use /home/stevecos/data/graph_20250828140322.pdf, page 1>
Package luatex.def Info: /home/stevecos/data/graph_20250828140322.pdf , page1 u
sed on input line 375.
(luatex.def)             Requested size: 175.57283pt x 35.46242pt.
File: /home/stevecos/data/graph_20250828140322.pdf Graphic file (type pdf)
<use /home/stevecos/data/graph_20250828140322.pdf, page 2>
Package luatex.def Info: /home/stevecos/data/graph_20250828140322.pdf , page2 u
sed on input line 375.
(luatex.def)             Requested size: 175.58089pt x 101.3838pt.
File: /home/stevecos/data/graph_20250828142121.pdf Graphic file (type pdf)
<use /home/stevecos/data/graph_20250828142121.pdf, page 1>
Package luatex.def Info: /home/stevecos/data/graph_20250828142121.pdf , page1 u
sed on input line 408.
(luatex.def)             Requested size: 175.57777pt x 62.93367pt.
File: /home/stevecos/data/graph_20250828142121.pdf Graphic file (type pdf)
<use /home/stevecos/data/graph_20250828142121.pdf, page 2>
Package luatex.def Info: /home/stevecos/data/graph_20250828142121.pdf , page2 u
sed on input line 408.
(luatex.def)             Requested size: 175.583pt x 35.44928pt.
File: /home/stevecos/data/graph_20250828143500.pdf Graphic file (type pdf)
<use /home/stevecos/data/graph_20250828143500.pdf, page 1>
Package luatex.def Info: /home/stevecos/data/graph_20250828143500.pdf , page1 u
sed on input line 441.
(luatex.def)             Requested size: 175.57283pt x 35.46242pt.
File: /home/stevecos/data/graph_20250828143500.pdf Graphic file (type pdf)
<use /home/stevecos/data/graph_20250828143500.pdf, page 2>
Package luatex.def Info: /home/stevecos/data/graph_20250828143500.pdf , page2 u
sed on input line 441.
(luatex.def)             Requested size: 175.57283pt x 35.46242pt.


[7</home/stevecos/data/graph_20250828140322.pdf></home/stevecos/data/graph_20250
828140322.pdf></home/stevecos/data/graph_20250828142121.pdf></home/stevecos/data
/graph_20250828142121.pdf>]
File: /home/stevecos/data/graph_20250902174722.pdf Graphic file (type pdf)
<use /home/stevecos/data/graph_20250902174722.pdf, page 1>
Package luatex.def Info: /home/stevecos/data/graph_20250902174722.pdf , page1 u
sed on input line 472.
(luatex.def)             Requested size: 175.57777pt x 62.93367pt.
File: /home/stevecos/data/graph_20250902174722.pdf Graphic file (type pdf)
<use /home/stevecos/data/graph_20250902174722.pdf, page 2>
Package luatex.def Info: /home/stevecos/data/graph_20250902174722.pdf , page2 u
sed on input line 472.
(luatex.def)             Requested size: 175.583pt x 35.44928pt.
File: /home/stevecos/data/graph_20250904205411.pdf Graphic file (type pdf)
<use /home/stevecos/data/graph_20250904205411.pdf, page 1>
Package luatex.def Info: /home/stevecos/data/graph_20250904205411.pdf , page1 u
sed on input line 502.
(luatex.def)             Requested size: 175.57426pt x 110.12311pt.
File: /home/stevecos/data/graph_20250904205411.pdf Graphic file (type pdf)
<use /home/stevecos/data/graph_20250904205411.pdf, page 2>
Package luatex.def Info: /home/stevecos/data/graph_20250904205411.pdf , page2 u
sed on input line 502.
(luatex.def)             Requested size: 175.5766pt x 24.52357pt.


[8</home/stevecos/data/graph_20250828143500.pdf></home/stevecos/data/graph_20250
828143500.pdf></home/stevecos/data/graph_20250902174722.pdf></home/stevecos/data
/graph_20250902174722.pdf>]
File: /home/stevecos/data/graph_20250904214409.pdf Graphic file (type pdf)
<use /home/stevecos/data/graph_20250904214409.pdf, page 1>
Package luatex.def Info: /home/stevecos/data/graph_20250904214409.pdf , page1 u
sed on input line 532.
(luatex.def)             Requested size: 175.57742pt x 24.46867pt.
File: /home/stevecos/data/graph_20250904214409.pdf Graphic file (type pdf)
<use /home/stevecos/data/graph_20250904214409.pdf, page 2>
Package luatex.def Info: /home/stevecos/data/graph_20250904214409.pdf , page2 u
sed on input line 532.
(luatex.def)             Requested size: 161.62076pt x 113.81042pt.
File: /home/stevecos/data/graph_20250909204838.pdf Graphic file (type pdf)
<use /home/stevecos/data/graph_20250909204838.pdf, page 1>
Package luatex.def Info: /home/stevecos/data/graph_20250909204838.pdf , page1 u
sed on input line 562.
(luatex.def)             Requested size: 175.57146pt x 24.54214pt.


[9</home/stevecos/data/graph_20250904205411.pdf></home/stevecos/data/graph_20250
904205411.pdf></home/stevecos/data/graph_20250904214409.pdf></home/stevecos/data
/graph_20250904214409.pdf>]
File: /home/stevecos/data/graph_20250909210439.pdf Graphic file (type pdf)
<use /home/stevecos/data/graph_20250909210439.pdf, page 1>
Package luatex.def Info: /home/stevecos/data/graph_20250909210439.pdf , page1 u
sed on input line 592.
(luatex.def)             Requested size: 175.57146pt x 24.54214pt.
File: /home/stevecos/data/graph_20250909214333.pdf Graphic file (type pdf)
<use /home/stevecos/data/graph_20250909214333.pdf, page 1>
Package luatex.def Info: /home/stevecos/data/graph_20250909214333.pdf , page1 u
sed on input line 622.
(luatex.def)             Requested size: 175.57146pt x 24.54214pt.
File: /home/stevecos/data/graph_20250911153057.pdf Graphic file (type pdf)
<use /home/stevecos/data/graph_20250911153057.pdf, page 1>
Package luatex.def Info: /home/stevecos/data/graph_20250911153057.pdf , page1 u
sed on input line 652.
(luatex.def)             Requested size: 175.57742pt x 24.46867pt.
File: /home/stevecos/data/graph_20250911153057.pdf Graphic file (type pdf)
<use /home/stevecos/data/graph_20250911153057.pdf, page 2>
Package luatex.def Info: /home/stevecos/data/graph_20250911153057.pdf , page2 u
sed on input line 652.
(luatex.def)             Requested size: 98.42566pt x 113.81029pt.


[10</home/stevecos/data/graph_20250909204838.pdf></home/stevecos/data/graph_2025
0909210439.pdf></home/stevecos/data/graph_20250909214333.pdf>]
File: /home/stevecos/data/graph_20250911160949.pdf Graphic file (type pdf)
<use /home/stevecos/data/graph_20250911160949.pdf, page 1>
Package luatex.def Info: /home/stevecos/data/graph_20250911160949.pdf , page1 u
sed on input line 682.
(luatex.def)             Requested size: 175.57742pt x 24.46867pt.
File: /home/stevecos/data/graph_20250911160949.pdf Graphic file (type pdf)
<use /home/stevecos/data/graph_20250911160949.pdf, page 2>
Package luatex.def Info: /home/stevecos/data/graph_20250911160949.pdf , page2 u
sed on input line 682.
(luatex.def)             Requested size: 175.57578pt x 111.31395pt.
File: /home/stevecos/data/graph_20250911165108.pdf Graphic file (type pdf)
<use /home/stevecos/data/graph_20250911165108.pdf, page 1>
Package luatex.def Info: /home/stevecos/data/graph_20250911165108.pdf , page1 u
sed on input line 712.
(luatex.def)             Requested size: 175.57742pt x 24.46867pt.
File: /home/stevecos/data/graph_20250911165108.pdf Graphic file (type pdf)
<use /home/stevecos/data/graph_20250911165108.pdf, page 2>
Package luatex.def Info: /home/stevecos/data/graph_20250911165108.pdf , page2 u
sed on input line 712.
(luatex.def)             Requested size: 175.57578pt x 111.31395pt.


[11</home/stevecos/data/graph_20250911153057.pdf></home/stevecos/data/graph_2025
0911153057.pdf></home/stevecos/data/graph_20250911160949.pdf></home/stevecos/dat
a/graph_20250911160949.pdf>]

[12</home/stevecos/data/graph_20250911165108.pdf></home/stevecos/data/graph_2025
0911165108.pdf>]
File: /home/stevecos/data/graph_20250916144433.pdf Graphic file (type pdf)
<use /home/stevecos/data/graph_20250916144433.pdf, page 1>
Package luatex.def Info: /home/stevecos/data/graph_20250916144433.pdf , page1 u
sed on input line 742.
(luatex.def)             Requested size: 175.57799pt x 24.44237pt.
File: /home/stevecos/data/graph_20250916144433.pdf Graphic file (type pdf)
<use /home/stevecos/data/graph_20250916144433.pdf, page 2>
Package luatex.def Info: /home/stevecos/data/graph_20250916144433.pdf , page2 u
sed on input line 742.
(luatex.def)             Requested size: 63.13988pt x 113.81192pt.
File: /home/stevecos/data/graph_20250916144433.pdf Graphic file (type pdf)
<use /home/stevecos/data/graph_20250916144433.pdf, page 1>
Package luatex.def Info: /home/stevecos/data/graph_20250916144433.pdf , page1 u
sed on input line 772.
(luatex.def)             Requested size: 175.57799pt x 24.44237pt.
File: /home/stevecos/data/graph_20250916144433.pdf Graphic file (type pdf)
<use /home/stevecos/data/graph_20250916144433.pdf, page 2>
Package luatex.def Info: /home/stevecos/data/graph_20250916144433.pdf , page2 u
sed on input line 772.
(luatex.def)             Requested size: 63.13988pt x 113.81192pt.
File: /home/stevecos/data/graph_20250916144433.pdf Graphic file (type pdf)
<use /home/stevecos/data/graph_20250916144433.pdf, page 1>
Package luatex.def Info: /home/stevecos/data/graph_20250916144433.pdf , page1 u
sed on input line 802.
(luatex.def)             Requested size: 175.57799pt x 24.44237pt.
File: /home/stevecos/data/graph_20250916144433.pdf Graphic file (type pdf)
<use /home/stevecos/data/graph_20250916144433.pdf, page 2>
Package luatex.def Info: /home/stevecos/data/graph_20250916144433.pdf , page2 u
sed on input line 802.
(luatex.def)             Requested size: 63.13988pt x 113.81192pt.


[13</home/stevecos/data/graph_20250916144433.pdf></home/stevecos/data/graph_2025
0916144433.pdf>]
File: /home/stevecos/data/graph_20250917095056.pdf Graphic file (type pdf)
<use /home/stevecos/data/graph_20250917095056.pdf, page 1>
Package luatex.def Info: /home/stevecos/data/graph_20250917095056.pdf , page1 u
sed on input line 832.
(luatex.def)             Requested size: 82.63727pt x 113.81068pt.
File: /home/stevecos/data/graph_20250917095056.pdf Graphic file (type pdf)
<use /home/stevecos/data/graph_20250917095056.pdf, page 2>
Package luatex.def Info: /home/stevecos/data/graph_20250917095056.pdf , page2 u
sed on input line 832.
(luatex.def)             Requested size: 175.57742pt x 24.46867pt.
File: /home/stevecos/data/graph_20250917110350.pdf Graphic file (type pdf)
<use /home/stevecos/data/graph_20250917110350.pdf, page 1>
Package luatex.def Info: /home/stevecos/data/graph_20250917110350.pdf , page1 u
sed on input line 862.
(luatex.def)             Requested size: 94.78151pt x 113.8099pt.
File: /home/stevecos/data/graph_20250917110350.pdf Graphic file (type pdf)
<use /home/stevecos/data/graph_20250917110350.pdf, page 2>
Package luatex.def Info: /home/stevecos/data/graph_20250917110350.pdf , page2 u
sed on input line 862.
(luatex.def)             Requested size: 175.57375pt x 24.46094pt.


[14</home/stevecos/data/graph_20250917095056.pdf></home/stevecos/data/graph_2025
0917095056.pdf>]
File: /home/stevecos/data/graph_20250917134229.pdf Graphic file (type pdf)
<use /home/stevecos/data/graph_20250917134229.pdf, page 1>
Package luatex.def Info: /home/stevecos/data/graph_20250917134229.pdf , page1 u
sed on input line 892.
(luatex.def)             Requested size: 175.57426pt x 55.54105pt.
File: /home/stevecos/data/graph_20250917134229.pdf Graphic file (type pdf)
<use /home/stevecos/data/graph_20250917134229.pdf, page 2>
Package luatex.def Info: /home/stevecos/data/graph_20250917134229.pdf , page2 u
sed on input line 892.
(luatex.def)             Requested size: 175.57332pt x 44.75787pt.
File: /home/stevecos/data/graph_20250917140515.pdf Graphic file (type pdf)
<use /home/stevecos/data/graph_20250917140515.pdf, page 1>
Package luatex.def Info: /home/stevecos/data/graph_20250917140515.pdf , page1 u
sed on input line 922.
(luatex.def)             Requested size: 175.57799pt x 24.44237pt.
File: /home/stevecos/data/graph_20250917140515.pdf Graphic file (type pdf)
<use /home/stevecos/data/graph_20250917140515.pdf, page 2>
Package luatex.def Info: /home/stevecos/data/graph_20250917140515.pdf , page2 u
sed on input line 922.
(luatex.def)             Requested size: 114.3137pt x 113.81042pt.


[15</home/stevecos/data/graph_20250917110350.pdf></home/stevecos/data/graph_2025
0917110350.pdf></home/stevecos/data/graph_20250917134229.pdf></home/stevecos/dat
a/graph_20250917134229.pdf>]

[16</home/stevecos/data/graph_20250917140515.pdf></home/stevecos/data/graph_2025
0917140515.pdf>]

! LaTeX Error: There's no line here to end.

See the LaTeX manual or LaTeX Companion for explanation.
Type  H <return>  for immediate help.
 ...                                              
                                                  
l.930     \begin
                {minipage}[t]{0.48\textwidth}
Your command was ignored.
Type  I <command> <return>  to replace it with another command,
or  <return>  to continue without it.


Overfull \hbox (15.7528pt too wide) in paragraph at lines 969--969
[]\TU/DejaVuSansMono(0)/m/n/8 $ for d in fd00 fd02 ; do for i in {1..24} ; do g
rep -nP "(?=.*Node:$i )(?=.*prefix: $d)"  /home/stevecos/Cooja/10-RPL-202509171
62100.txt | tail -5 ; done ; done[] 
 []


! LaTeX Error: There's no line here to end.

See the LaTeX manual or LaTeX Companion for explanation.
Type  H <return>  for immediate help.
 ...                                              
                                                  
l.970 m
       atches: \verb|/home/stevecos/data/routes_20250917162100.txt| \\
Your command was ignored.
Type  I <command> <return>  to replace it with another command,
or  <return>  to continue without it.

File: /home/stevecos/data/graph_20250917162100.pdf Graphic file (type pdf)
<use /home/stevecos/data/graph_20250917162100.pdf, page 1>
Package luatex.def Info: /home/stevecos/data/graph_20250917162100.pdf , page1 u
sed on input line 997.
(luatex.def)             Requested size: 175.57079pt x 24.43773pt.
File: /home/stevecos/data/graph_20250917162100.pdf Graphic file (type pdf)
<use /home/stevecos/data/graph_20250917162100.pdf, page 2>
Package luatex.def Info: /home/stevecos/data/graph_20250917162100.pdf , page2 u
sed on input line 997.
(luatex.def)             Requested size: 172.92729pt x 113.81372pt.
File: /home/stevecos/data/graph_20250919173535.pdf Graphic file (type pdf)
<use /home/stevecos/data/graph_20250919173535.pdf, page 1>
Package luatex.def Info: /home/stevecos/data/graph_20250919173535.pdf , page1 u
sed on input line 1027.
(luatex.def)             Requested size: 175.57079pt x 24.43773pt.
File: /home/stevecos/data/graph_20250919173535.pdf Graphic file (type pdf)
<use /home/stevecos/data/graph_20250919173535.pdf, page 2>
Package luatex.def Info: /home/stevecos/data/graph_20250919173535.pdf , page2 u
sed on input line 1027.
(luatex.def)             Requested size: 172.92729pt x 113.81372pt.


[17</home/stevecos/data/graph_20250917162100.pdf></home/stevecos/data/graph_2025
0917162100.pdf>]
File: /home/stevecos/data/graph_20250921204257.pdf Graphic file (type pdf)
<use /home/stevecos/data/graph_20250921204257.pdf, page 1>
Package luatex.def Info: /home/stevecos/data/graph_20250921204257.pdf , page1 u
sed on input line 1057.
(luatex.def)             Requested size: 175.57079pt x 24.43773pt.
File: /home/stevecos/data/graph_20250921204257.pdf Graphic file (type pdf)
<use /home/stevecos/data/graph_20250921204257.pdf, page 2>
Package luatex.def Info: /home/stevecos/data/graph_20250921204257.pdf , page2 u
sed on input line 1057.
(luatex.def)             Requested size: 172.92729pt x 113.81372pt.


[18</home/stevecos/data/graph_20250919173535.pdf></home/stevecos/data/graph_2025
0919173535.pdf></home/stevecos/data/graph_20250921204257.pdf></home/stevecos/dat
a/graph_20250921204257.pdf>] (/home/stevecos/data/SimSummary.aux)
 ***********
LaTeX2e <2024-11-01> patch level 2
L3 programming layer <2025-04-14>
 ***********
Package rerunfilecheck Info: File `SimSummary.out' has not changed.
(rerunfilecheck)             Checksum: D41D8CD98F00B204E9800998ECF8427E;0.
)

Here is how much of LuaTeX's memory you used:
 14235 strings out of 471925
 100000,794899 words of node,token memory allocated
 416 words of node memory still in use:
   3 hlist, 1 vlist, 1 rule, 2 glue, 3 kern, 1 glyph, 4 attribute, 50 glue_spec,
 4 attribute_list, 1 write nodes
   avail lists: 2:1268,3:767,4:24,5:218,6:156,7:5007,8:1,9:1284,10:7,11:27
 40081 multiletter control sequences out of 65536+600000
 66 fonts using 10584735 bytes
 73i,15n,92p,276b,419s stack positions out of 10000i,1000n,20000p,200000b,200000s
</usr/pkg/share/texmf-dist/fonts/opentype/public/lm/lmroman10-italic.otf></usr/p
kg/share/texmf-dist/fonts/opentype/public/lm/lmroman10-regular.otf></usr/pkg/sha
re/fonts/X11/TTF/DejaVuSansMono.ttf></usr/pkg/share/texmf-dist/fonts/opentype/pu
blic/lm/lmroman10-bold.otf></usr/pkg/share/texmf-dist/fonts/opentype/public/lm/l
mroman12-regular.otf></usr/pkg/share/texmf-dist/fonts/opentype/public/lm/lmroman
17-regular.otf>
Output written on SimSummary.pdf (18 pages, 348446 bytes).

PDF statistics: 452 PDF objects out of 1000 (max. 8388607)
 275 compressed objects within 3 object streams
 19 named destinations out of 1000 (max. 131072)
 1 words of extra memory for PDF output out of 10000 (max. 100000000)

